c:\users\admin\documents\visual studio 2015\projects\objectorientedprogramminglabs\objectorientedprogramminglabs\debug\vc140.pdb
c:\users\admin\documents\visual studio 2015\projects\objectorientedprogramminglabs\objectorientedprogramminglabs\debug\vc140.idb
c:\users\admin\documents\visual studio 2015\projects\objectorientedprogramminglabs\objectorientedprogramminglabs\debug\lab1.obj
c:\users\admin\documents\visual studio 2015\projects\objectorientedprogramminglabs\objectorientedprogramminglabs\debug\lab2.obj
c:\users\admin\documents\visual studio 2015\projects\objectorientedprogramminglabs\objectorientedprogramminglabs\debug\lab3.obj
c:\users\admin\documents\visual studio 2015\projects\objectorientedprogramminglabs\objectorientedprogramminglabs\debug\sourcemenu.obj
c:\git\laboratory-works-oop-ntip-\objectorientedprogramminglabs\objectorientedprogramminglabs\debug\vc140.pdb
c:\git\laboratory-works-oop-ntip-\objectorientedprogramminglabs\objectorientedprogramminglabs\debug\vc140.idb
c:\git\laboratory-works-oop-ntip-\objectorientedprogramminglabs\objectorientedprogramminglabs\debug\lab1.obj
c:\git\laboratory-works-oop-ntip-\objectorientedprogramminglabs\objectorientedprogramminglabs\debug\lab2.obj
c:\git\laboratory-works-oop-ntip-\objectorientedprogramminglabs\objectorientedprogramminglabs\debug\lab3.obj
c:\git\laboratory-works-oop-ntip-\objectorientedprogramminglabs\objectorientedprogramminglabs\debug\sourcemenu.obj
c:\users\admin\documents\visual studio 2015\projects\objectorientedprogramminglabs\debug\objectorientedprogramminglabs.ilk
c:\users\admin\documents\visual studio 2015\projects\objectorientedprogramminglabs\debug\objectorientedprogramminglabs.exe
c:\users\admin\documents\visual studio 2015\projects\objectorientedprogramminglabs\debug\objectorientedprogramminglabs.pdb
c:\git\laboratory-works-oop-ntip-\objectorientedprogramminglabs\debug\objectorientedprogramminglabs.ilk
c:\git\laboratory-works-oop-ntip-\objectorientedprogramminglabs\debug\objectorientedprogramminglabs.exe
c:\git\laboratory-works-oop-ntip-\objectorientedprogramminglabs\debug\objectorientedprogramminglabs.pdb
c:\git\laboratory-works-oop-ntip-\objectorientedprogramminglabs\objectorientedprogramminglabs\debug\lab3.obj.enc
c:\git\laboratory-works-oop-ntip-\objectorientedprogramminglabs\objectorientedprogramminglabs\debug\objector.ecd04ce6.tlog\cl.command.1.tlog
c:\git\laboratory-works-oop-ntip-\objectorientedprogramminglabs\objectorientedprogramminglabs\debug\objector.ecd04ce6.tlog\cl.read.1.tlog
c:\git\laboratory-works-oop-ntip-\objectorientedprogramminglabs\objectorientedprogramminglabs\debug\objector.ecd04ce6.tlog\cl.write.1.tlog
c:\git\laboratory-works-oop-ntip-\objectorientedprogramminglabs\objectorientedprogramminglabs\debug\objector.ecd04ce6.tlog\link.command.1.tlog
c:\git\laboratory-works-oop-ntip-\objectorientedprogramminglabs\objectorientedprogramminglabs\debug\objector.ecd04ce6.tlog\link.read.1.tlog
c:\git\laboratory-works-oop-ntip-\objectorientedprogramminglabs\objectorientedprogramminglabs\debug\objector.ecd04ce6.tlog\link.write.1.tlog
