  Lab2.cpp
c:\git\laboratory-works-oop-ntip-\objectorientedprogramminglabs\objectorientedprogramminglabs\lab2.cpp(203): warning C4244: аргумент: преобразование "time_t" в "unsigned int", возможна потеря данных
  DoubleLinkedListLab4.cpp
  Создание кода...
c:\git\laboratory-works-oop-ntip-\objectorientedprogramminglabs\objectorientedprogramminglabs\doublelinkedlistlab4.cpp(113): warning C4715: Lab4::Get: значение возвращается не при всех путях выполнения
c:\git\laboratory-works-oop-ntip-\objectorientedprogramminglabs\objectorientedprogramminglabs\lab2.cpp(93): warning C4715: Lab2::GetRootsPointer: значение возвращается не при всех путях выполнения
c:\git\laboratory-works-oop-ntip-\objectorientedprogramminglabs\objectorientedprogramminglabs\lab2.cpp(129): warning C4715: Lab2::GetPower: значение возвращается не при всех путях выполнения
c:\git\laboratory-works-oop-ntip-\objectorientedprogramminglabs\objectorientedprogramminglabs\lab2.cpp(117): warning C4715: Lab2::GetRootsReference: значение возвращается не при всех путях выполнения
  Компиляция...
  SourceMenu.cpp
c:\git\laboratory-works-oop-ntip-\objectorientedprogramminglabs\objectorientedprogramminglabs\sourcemenu.cpp(10): warning C4244: аргумент: преобразование "time_t" в "unsigned int", возможна потеря данных
  Lab3.cpp
  Lab1.cpp
c:\git\laboratory-works-oop-ntip-\objectorientedprogramminglabs\objectorientedprogramminglabs\lab1.cpp(121): warning C4244: =: преобразование "int" в "float", возможна потеря данных
c:\git\laboratory-works-oop-ntip-\objectorientedprogramminglabs\objectorientedprogramminglabs\lab1.cpp(123): warning C4244: =: преобразование "float" в "int", возможна потеря данных
c:\git\laboratory-works-oop-ntip-\objectorientedprogramminglabs\objectorientedprogramminglabs\lab1.cpp(126): warning C4244: =: преобразование "int" в "float", возможна потеря данных
  Создание кода...
c:\git\laboratory-works-oop-ntip-\objectorientedprogramminglabs\objectorientedprogramminglabs\lab3.cpp(129): warning C4715: Lab3::FindSubString: значение возвращается не при всех путях выполнения
  ObjectOrientedProgrammingLabs.vcxproj -> C:\Git\Laboratory-works-OOP-NTiP-\ObjectOrientedProgrammingLabs\Debug\ObjectOrientedProgrammingLabs.exe
  ObjectOrientedProgrammingLabs.vcxproj -> C:\Git\Laboratory-works-OOP-NTiP-\ObjectOrientedProgrammingLabs\Debug\ObjectOrientedProgrammingLabs.pdb (Partial PDB)
